<?xml version="1.0" encoding="UTF-8"?>
<!-- Generated by org.testng.reporters.JUnitXMLReporter -->
<testsuite ignored="0" hostname="Arvind" failures="0" tests="4" name="Default test" time="2.216" errors="0" timestamp="2024-07-15T16:16:52 IST">
  <testcase classname="api.tests.EmployeeTests2" name="testPostUser" time="1.35"/>
  <testcase classname="api.tests.EmployeeTests2" name="testgetUser" time="0.033"/>
  <testcase classname="api.tests.EmployeeTests2" name="testPutUser" time="0.04"/>
  <testcase classname="api.tests.EmployeeTests2" name="testDeleteUser" time="0.02"/>
</testsuite> <!-- Default test -->
