<?xml version="1.0" encoding="UTF-8"?>
<!-- Generated by org.testng.reporters.JUnitXMLReporter -->
<testsuite ignored="0" hostname="Arvind" failures="0" tests="4" name="FUNCTIONAL" time="2.436" errors="0" timestamp="2024-07-15T15:49:33 IST">
  <testcase classname="api.tests.EmployeeTests" name="testPostUser" time="1.394"/>
  <testcase classname="api.tests.EmployeeTests" name="testgetUser" time="0.041"/>
  <testcase classname="api.tests.EmployeeTests" name="testPutUser" time="0.02"/>
  <testcase classname="api.tests.EmployeeTests" name="testDeleteUser" time="0.02"/>
</testsuite> <!-- FUNCTIONAL -->
