<?xml version="1.0" encoding="UTF-8"?>
<testng-results ignored="0" total="4" passed="4" failed="0" skipped="0">
  <reporter-output>
  </reporter-output>
  <suite started-at="2024-07-15T16:16:50 IST" name="Default suite" finished-at="2024-07-15T16:16:52 IST" duration-ms="2216">
    <groups>
    </groups>
    <test started-at="2024-07-15T16:16:50 IST" name="Default test" finished-at="2024-07-15T16:16:52 IST" duration-ms="2216">
      <class name="api.tests.EmployeeTests2">
        <test-method is-config="true" signature="setUpData()[pri:0, instance:api.tests.EmployeeTests2@55b7a4e0]" started-at="2024-07-15T16:16:50 IST" name="setUpData" finished-at="2024-07-15T16:16:50 IST" duration-ms="740" status="PASS">
          <reporter-output>
          </reporter-output>
        </test-method> <!-- setUpData -->
        <test-method signature="testPostUser()[pri:1, instance:api.tests.EmployeeTests2@55b7a4e0]" started-at="2024-07-15T16:16:50 IST" name="testPostUser" finished-at="2024-07-15T16:16:52 IST" duration-ms="1350" status="PASS">
          <reporter-output>
          </reporter-output>
        </test-method> <!-- testPostUser -->
        <test-method signature="testgetUser()[pri:2, instance:api.tests.EmployeeTests2@55b7a4e0]" started-at="2024-07-15T16:16:52 IST" name="testgetUser" finished-at="2024-07-15T16:16:52 IST" duration-ms="33" status="PASS">
          <reporter-output>
          </reporter-output>
        </test-method> <!-- testgetUser -->
        <test-method signature="testPutUser()[pri:3, instance:api.tests.EmployeeTests2@55b7a4e0]" started-at="2024-07-15T16:16:52 IST" name="testPutUser" finished-at="2024-07-15T16:16:52 IST" duration-ms="40" status="PASS">
          <reporter-output>
          </reporter-output>
        </test-method> <!-- testPutUser -->
        <test-method signature="testDeleteUser()[pri:4, instance:api.tests.EmployeeTests2@55b7a4e0]" started-at="2024-07-15T16:16:52 IST" name="testDeleteUser" finished-at="2024-07-15T16:16:52 IST" duration-ms="20" status="PASS">
          <reporter-output>
          </reporter-output>
        </test-method> <!-- testDeleteUser -->
      </class> <!-- api.tests.EmployeeTests2 -->
    </test> <!-- Default test -->
  </suite> <!-- Default suite -->
</testng-results>
